<?xml version="1.0" encoding="UTF-8"?>
<testng-results ignored="1" total="2" passed="0" failed="1" skipped="0">
  <reporter-output>
    <line>
      <![CDATA[Welcome to test automation execution]]>
    </line>
    <line>
      <![CDATA[Test is running in chrome and runmode as local]]>
    </line>
    <line>
      <![CDATA[com.statwig.workspace.testrunner.ShipmentTestRunner started execution]]>
    </line>
    <line>
      <![CDATA[verifyCreateShipmentWithOutOrderId_Test_001 started execution]]>
    </line>
    <line>
      <![CDATA[chrome browser is opened]]>
    </line>
    <line>
      <![CDATA[clicked on login button]]>
    </line>
    <line>
      <![CDATA[sunilkumarnk.1996@gmail.com is Entered]]>
    </line>
    <line>
      <![CDATA[Clicked on Continue Button]]>
    </line>
    <line>
      <![CDATA[Otp is Entered]]>
    </line>
    <line>
      <![CDATA[Clicked on Verify Button]]>
    </line>
    <line>
      <![CDATA[null result execution status passed is = false]]>
    </line>
    <line>
      <![CDATA[Pass percentage = 4]]>
    </line>
    <line>
      <![CDATA[verifyCreateShipmentWithOutOrderId_Test_001 execution is completed]]>
    </line>
    <line>
      <![CDATA[chrome is closed]]>
    </line>
    <line>
      <![CDATA[com.statwig.workspace.testrunner.ShipmentTestRunner completed execution]]>
    </line>
    <line>
      <![CDATA[All Tests completed on browserchrome]]>
    </line>
    <line>
      <![CDATA[All Tests Completed - Reports are avilable in target/surefire-reports/emailable-report.html]]>
    </line>
    <line>
      <![CDATA[Screenshots are available in src/resources/screenshots folder]]>
    </line>
  </reporter-output>
  <suite started-at="2022-09-04T18:18:29 IST" name="Default suite" finished-at="2022-09-04T18:21:26 IST" duration-ms="177159">
    <groups>
    </groups>
    <test started-at="2022-09-04T18:18:29 IST" name="Default test" finished-at="2022-09-04T18:21:26 IST" duration-ms="177159">
      <class name="com.statwig.workspace.testrunner.ShipmentTestRunner">
        <test-method is-config="true" signature="beforeSuite()[pri:0, instance:com.statwig.workspace.testrunner.ShipmentTestRunner@1c7696c6]" started-at="2022-09-04T18:18:29 IST" name="beforeSuite" finished-at="2022-09-04T18:18:29 IST" duration-ms="11" status="PASS">
          <reporter-output>
            <line>
              <![CDATA[Welcome to test automation execution]]>
            </line>
          </reporter-output>
        </test-method> <!-- beforeSuite -->
        <test-method is-config="true" signature="readTestConfig(java.lang.String,java.lang.String)[pri:0, instance:com.statwig.workspace.testrunner.ShipmentTestRunner@1c7696c6]" started-at="2022-09-04T18:18:29 IST" name="readTestConfig" finished-at="2022-09-04T18:18:29 IST" duration-ms="20" status="PASS">
          <params>
            <param index="0">
              <value>
                <![CDATA[chrome]]>
              </value>
            </param>
            <param index="1">
              <value>
                <![CDATA[local]]>
              </value>
            </param>
          </params>
          <reporter-output>
            <line>
              <![CDATA[Test is running in chrome and runmode as local]]>
            </line>
          </reporter-output>
        </test-method> <!-- readTestConfig -->
        <test-method is-config="true" signature="classLogger()[pri:0, instance:com.statwig.workspace.testrunner.ShipmentTestRunner@1c7696c6]" started-at="2022-09-04T18:18:29 IST" name="classLogger" finished-at="2022-09-04T18:18:29 IST" duration-ms="0" status="PASS">
          <reporter-output>
            <line>
              <![CDATA[com.statwig.workspace.testrunner.ShipmentTestRunner started execution]]>
            </line>
          </reporter-output>
        </test-method> <!-- classLogger -->
        <test-method is-config="true" signature="init(java.lang.reflect.Method)[pri:0, instance:com.statwig.workspace.testrunner.ShipmentTestRunner@1c7696c6]" started-at="2022-09-04T18:18:29 IST" name="init" finished-at="2022-09-04T18:18:36 IST" duration-ms="6908" status="PASS">
          <params>
            <param index="0">
              <value>
                <![CDATA[public void com.statwig.workspace.testrunner.ShipmentTestRunner.verifyCreateShipmentWithOutOrderId_Test_001() throws java.lang.InterruptedException,java.awt.AWTException]]>
              </value>
            </param>
          </params>
          <reporter-output>
            <line>
              <![CDATA[verifyCreateShipmentWithOutOrderId_Test_001 started execution]]>
            </line>
            <line>
              <![CDATA[chrome browser is opened]]>
            </line>
          </reporter-output>
        </test-method> <!-- init -->
        <test-method signature="verifyCreateShipmentWithOutOrderId_Test_001()[pri:0, instance:com.statwig.workspace.testrunner.ShipmentTestRunner@1c7696c6]" started-at="2022-09-04T18:18:36 IST" name="verifyCreateShipmentWithOutOrderId_Test_001" finished-at="2022-09-04T18:21:25 IST" duration-ms="169187" status="FAIL">
          <exception class="org.openqa.selenium.NoSuchElementException">
            <message>
              <![CDATA[no such element: Unable to locate element: {"method":"xpath","selector":"//b[text()='Create Shipment']"}
  (Session info: chrome=104.0.5112.102)
For documentation on this error, please visit: https://selenium.dev/exceptions/#no_such_element
Build info: version: '4.1.4', revision: '535d840ee2'
System info: host: 'DESKTOP-08PQLRT', ip: '192.168.1.4', os.name: 'Windows 10', os.arch: 'amd64', os.version: '10.0', java.version: '17.0.3'
Driver info: org.openqa.selenium.chrome.ChromeDriver
Command: [0d97ead1ccc3b966153cbb33cbd1518d, findElement {using=xpath, value=//b[text()='Create Shipment']}]
Capabilities {acceptInsecureCerts: false, browserName: chrome, browserVersion: 104.0.5112.102, chrome: {chromedriverVersion: 103.0.5060.53 (a1711811edd7..., userDataDir: C:\Users\SUNILK~1\AppData\L...}, goog:chromeOptions: {debuggerAddress: localhost:62828}, javascriptEnabled: true, networkConnectionEnabled: false, pageLoadStrategy: normal, platform: WINDOWS, platformName: WINDOWS, proxy: Proxy(), se:cdp: ws://localhost:62828/devtoo..., se:cdpVersion: 104.0.5112.102, setWindowRect: true, strictFileInteractability: false, timeouts: {implicit: 0, pageLoad: 300000, script: 30000}, unhandledPromptBehavior: dismiss and notify, webauthn:extension:credBlob: true, webauthn:extension:largeBlob: true, webauthn:virtualAuthenticators: true}
Session ID: 0d97ead1ccc3b966153cbb33cbd1518d]]>
            </message>
            <full-stacktrace>
              <![CDATA[org.openqa.selenium.NoSuchElementException: no such element: Unable to locate element: {"method":"xpath","selector":"//b[text()='Create Shipment']"}
  (Session info: chrome=104.0.5112.102)
For documentation on this error, please visit: https://selenium.dev/exceptions/#no_such_element
Build info: version: '4.1.4', revision: '535d840ee2'
System info: host: 'DESKTOP-08PQLRT', ip: '192.168.1.4', os.name: 'Windows 10', os.arch: 'amd64', os.version: '10.0', java.version: '17.0.3'
Driver info: org.openqa.selenium.chrome.ChromeDriver
Command: [0d97ead1ccc3b966153cbb33cbd1518d, findElement {using=xpath, value=//b[text()='Create Shipment']}]
Capabilities {acceptInsecureCerts: false, browserName: chrome, browserVersion: 104.0.5112.102, chrome: {chromedriverVersion: 103.0.5060.53 (a1711811edd7..., userDataDir: C:\Users\SUNILK~1\AppData\L...}, goog:chromeOptions: {debuggerAddress: localhost:62828}, javascriptEnabled: true, networkConnectionEnabled: false, pageLoadStrategy: normal, platform: WINDOWS, platformName: WINDOWS, proxy: Proxy(), se:cdp: ws://localhost:62828/devtoo..., se:cdpVersion: 104.0.5112.102, setWindowRect: true, strictFileInteractability: false, timeouts: {implicit: 0, pageLoad: 300000, script: 30000}, unhandledPromptBehavior: dismiss and notify, webauthn:extension:credBlob: true, webauthn:extension:largeBlob: true, webauthn:virtualAuthenticators: true}
Session ID: 0d97ead1ccc3b966153cbb33cbd1518d
at java.base/jdk.internal.reflect.NativeConstructorAccessorImpl.newInstance0(Native Method)
at java.base/jdk.internal.reflect.NativeConstructorAccessorImpl.newInstance(NativeConstructorAccessorImpl.java:77)
at java.base/jdk.internal.reflect.DelegatingConstructorAccessorImpl.newInstance(DelegatingConstructorAccessorImpl.java:45)
at java.base/java.lang.reflect.Constructor.newInstanceWithCaller(Constructor.java:499)
at java.base/java.lang.reflect.Constructor.newInstance(Constructor.java:480)
at org.openqa.selenium.remote.codec.w3c.W3CHttpResponseCodec.createException(W3CHttpResponseCodec.java:200)
at org.openqa.selenium.remote.codec.w3c.W3CHttpResponseCodec.decode(W3CHttpResponseCodec.java:133)
at org.openqa.selenium.remote.codec.w3c.W3CHttpResponseCodec.decode(W3CHttpResponseCodec.java:53)
at org.openqa.selenium.remote.HttpCommandExecutor.execute(HttpCommandExecutor.java:184)
at org.openqa.selenium.remote.service.DriverCommandExecutor.invokeExecute(DriverCommandExecutor.java:167)
at org.openqa.selenium.remote.service.DriverCommandExecutor.execute(DriverCommandExecutor.java:142)
at org.openqa.selenium.remote.RemoteWebDriver.execute(RemoteWebDriver.java:567)
at org.openqa.selenium.remote.ElementLocation$ElementFinder$2.findElement(ElementLocation.java:162)
at org.openqa.selenium.remote.ElementLocation.findElement(ElementLocation.java:60)
at org.openqa.selenium.remote.RemoteWebDriver.findElement(RemoteWebDriver.java:385)
at org.openqa.selenium.remote.RemoteWebDriver.findElement(RemoteWebDriver.java:377)
at com.statwig.workspace.utility.BasePage.findAnyElement(BasePage.java:48)
at com.statwig.workspace.pageobjects.ShipmentPage.access$0(ShipmentPage.java:1)
at com.statwig.workspace.pageobjects.ShipmentPage.clickCreateShipment(ShipmentPage.java:33)
at com.statwig.workspace.testrunner.ShipmentTestRunner.verifyCreateShipmentWithOutOrderId_Test_001(ShipmentTestRunner.java:94)
at java.base/jdk.internal.reflect.NativeMethodAccessorImpl.invoke0(Native Method)
at java.base/jdk.internal.reflect.NativeMethodAccessorImpl.invoke(NativeMethodAccessorImpl.java:77)
at java.base/jdk.internal.reflect.DelegatingMethodAccessorImpl.invoke(DelegatingMethodAccessorImpl.java:43)
at java.base/java.lang.reflect.Method.invoke(Method.java:568)
at org.testng.internal.invokers.MethodInvocationHelper.invokeMethod(MethodInvocationHelper.java:135)
at org.testng.internal.invokers.TestInvoker.invokeMethod(TestInvoker.java:673)
at org.testng.internal.invokers.TestInvoker.invokeTestMethod(TestInvoker.java:220)
at org.testng.internal.invokers.MethodRunner.runInSequence(MethodRunner.java:50)
at org.testng.internal.invokers.TestInvoker$MethodInvocationAgent.invoke(TestInvoker.java:945)
at org.testng.internal.invokers.TestInvoker.invokeTestMethods(TestInvoker.java:193)
at org.testng.internal.invokers.TestMethodWorker.invokeTestMethods(TestMethodWorker.java:146)
at org.testng.internal.invokers.TestMethodWorker.run(TestMethodWorker.java:128)
at java.base/java.util.ArrayList.forEach(ArrayList.java:1511)
at org.testng.TestRunner.privateRun(TestRunner.java:808)
at org.testng.TestRunner.run(TestRunner.java:603)
at org.testng.SuiteRunner.runTest(SuiteRunner.java:429)
at org.testng.SuiteRunner.runSequentially(SuiteRunner.java:423)
at org.testng.SuiteRunner.privateRun(SuiteRunner.java:383)
at org.testng.SuiteRunner.run(SuiteRunner.java:326)
at org.testng.SuiteRunnerWorker.runSuite(SuiteRunnerWorker.java:52)
at org.testng.SuiteRunnerWorker.run(SuiteRunnerWorker.java:95)
at org.testng.TestNG.runSuitesSequentially(TestNG.java:1249)
at org.testng.TestNG.runSuitesLocally(TestNG.java:1169)
at org.testng.TestNG.runSuites(TestNG.java:1092)
at org.testng.TestNG.run(TestNG.java:1060)
at org.testng.remote.AbstractRemoteTestNG.run(AbstractRemoteTestNG.java:115)
at org.testng.remote.RemoteTestNG.initAndRun(RemoteTestNG.java:251)
at org.testng.remote.RemoteTestNG.main(RemoteTestNG.java:77)
]]>
            </full-stacktrace>
          </exception> <!-- org.openqa.selenium.NoSuchElementException -->
          <reporter-output>
            <line>
              <![CDATA[clicked on login button]]>
            </line>
            <line>
              <![CDATA[sunilkumarnk.1996@gmail.com is Entered]]>
            </line>
            <line>
              <![CDATA[Clicked on Continue Button]]>
            </line>
            <line>
              <![CDATA[Otp is Entered]]>
            </line>
            <line>
              <![CDATA[Clicked on Verify Button]]>
            </line>
          </reporter-output>
        </test-method> <!-- verifyCreateShipmentWithOutOrderId_Test_001 -->
        <test-method is-config="true" signature="closure(org.testng.ITestResult,java.lang.reflect.Method)[pri:0, instance:com.statwig.workspace.testrunner.ShipmentTestRunner@1c7696c6]" started-at="2022-09-04T18:21:25 IST" name="closure" finished-at="2022-09-04T18:21:26 IST" duration-ms="1000" status="PASS">
          <params>
            <param index="0">
              <value>
                <![CDATA[[TestResult name=verifyCreateShipmentWithOutOrderId_Test_001 status=FAILURE method=ShipmentTestRunner.verifyCreateShipmentWithOutOrderId_Test_001()[pri:0, instance:com.statwig.workspace.testrunner.ShipmentTestRunner@1c7696c6] output=clicked on login button]]]>
              </value>
            </param>
            <param index="1">
              <value>
                <![CDATA[public void com.statwig.workspace.testrunner.ShipmentTestRunner.verifyCreateShipmentWithOutOrderId_Test_001() throws java.lang.InterruptedException,java.awt.AWTException]]>
              </value>
            </param>
          </params>
          <reporter-output>
            <line>
              <![CDATA[null result execution status passed is = false]]>
            </line>
            <line>
              <![CDATA[Pass percentage = 4]]>
            </line>
            <line>
              <![CDATA[verifyCreateShipmentWithOutOrderId_Test_001 execution is completed]]>
            </line>
            <line>
              <![CDATA[chrome is closed]]>
            </line>
          </reporter-output>
        </test-method> <!-- closure -->
        <test-method is-config="true" signature="classClosure()[pri:0, instance:com.statwig.workspace.testrunner.ShipmentTestRunner@1c7696c6]" started-at="2022-09-04T18:21:26 IST" name="classClosure" finished-at="2022-09-04T18:21:26 IST" duration-ms="0" status="PASS">
          <reporter-output>
            <line>
              <![CDATA[com.statwig.workspace.testrunner.ShipmentTestRunner completed execution]]>
            </line>
          </reporter-output>
        </test-method> <!-- classClosure -->
        <test-method is-config="true" signature="testClosure()[pri:0, instance:com.statwig.workspace.testrunner.ShipmentTestRunner@1c7696c6]" started-at="2022-09-04T18:21:26 IST" name="testClosure" finished-at="2022-09-04T18:21:26 IST" duration-ms="0" status="PASS">
          <reporter-output>
            <line>
              <![CDATA[All Tests completed on browserchrome]]>
            </line>
          </reporter-output>
        </test-method> <!-- testClosure -->
        <test-method is-config="true" signature="executionCompleted()[pri:0, instance:com.statwig.workspace.testrunner.ShipmentTestRunner@1c7696c6]" started-at="2022-09-04T18:21:26 IST" name="executionCompleted" finished-at="2022-09-04T18:21:26 IST" duration-ms="1" status="PASS">
          <reporter-output>
            <line>
              <![CDATA[All Tests Completed - Reports are avilable in target/surefire-reports/emailable-report.html]]>
            </line>
            <line>
              <![CDATA[Screenshots are available in src/resources/screenshots folder]]>
            </line>
          </reporter-output>
        </test-method> <!-- executionCompleted -->
      </class> <!-- com.statwig.workspace.testrunner.ShipmentTestRunner -->
    </test> <!-- Default test -->
  </suite> <!-- Default suite -->
</testng-results>
