<?xml version="1.0" encoding="UTF-8"?>
<!-- Generated by org.testng.reporters.JUnitXMLReporter -->
<testsuite hostname="DESKTOP-08PQLRT" ignored="0" name="test_AddNewCategory" tests="3" failures="1" timestamp="2022-06-12T15:37:05 IST" time="263.184" errors="0">
  <testcase name="verifyAddCategory_Test_002" time="122.043" classname="com.statwig.workspace.testrunner.AddNewCategoryTestRunner">
    <skipped/>
  </testcase> <!-- verifyAddCategory_Test_002 -->
  <testcase name="verifyAddCategory_Test_002" time="122.389" classname="com.statwig.workspace.testrunner.AddNewCategoryTestRunner">
    <skipped/>
  </testcase> <!-- verifyAddCategory_Test_002 -->
  <testcase name="verifyAddCategory_Test_002" time="3.763" classname="com.statwig.workspace.testrunner.AddNewCategoryTestRunner">
    <failure type="org.openqa.selenium.ElementClickInterceptedException" message="element click intercepted: Element &amp;lt;a href=&amp;quot;/addNewCategory&amp;quot;&amp;gt;...&amp;lt;/a&amp;gt; is not clickable at point (284, 303). Other element would receive the click: &amp;lt;span class=&amp;quot;txt-line text-muted&amp;quot; style=&amp;quot;border: 2px solid rgb(216, 229, 251);&amp;quot;&amp;gt;...&amp;lt;/span&amp;gt;
  (Session info: chrome=102.0.5005.63)
Build info: version: &amp;apos;4.1.4&amp;apos;, revision: &amp;apos;535d840ee2&amp;apos;
System info: host: &amp;apos;DESKTOP-08PQLRT&amp;apos;, ip: &amp;apos;192.168.137.1&amp;apos;, os.name: &amp;apos;Windows 10&amp;apos;, os.arch: &amp;apos;amd64&amp;apos;, os.version: &amp;apos;10.0&amp;apos;, java.version: &amp;apos;1.8.0_202&amp;apos;
Driver info: org.openqa.selenium.chrome.ChromeDriver
Command: [34e964e7954f304639566d148c8ca3a2, clickElement {id=a39eb84d-1bc6-42bf-990a-fbce192bdfad}]
Capabilities {acceptInsecureCerts: false, browserName: chrome, browserVersion: 102.0.5005.63, chrome: {chromedriverVersion: 102.0.5005.61 (0e59bcc00cc4..., userDataDir: C:\Users\SUNILK~1\AppData\L...}, goog:chromeOptions: {debuggerAddress: localhost:64122}, javascriptEnabled: true, networkConnectionEnabled: false, pageLoadStrategy: normal, platform: WINDOWS, platformName: WINDOWS, proxy: Proxy(), se:cdp: ws://localhost:64122/devtoo..., se:cdpVersion: 102.0.5005.63, setWindowRect: true, strictFileInteractability: false, timeouts: {implicit: 0, pageLoad: 300000, script: 30000}, unhandledPromptBehavior: dismiss and notify, webauthn:extension:credBlob: true, webauthn:extension:largeBlob: true, webauthn:virtualAuthenticators: true}
Element: [[ChromeDriver: chrome on WINDOWS (34e964e7954f304639566d148c8ca3a2)] -&amp;gt; xpath: //a[@href=&amp;apos;/addNewCategory&amp;apos;]]
Session ID: 34e964e7954f304639566d148c8ca3a2">
      <![CDATA[org.openqa.selenium.ElementClickInterceptedException: element click intercepted: Element <a href="/addNewCategory">...</a> is not clickable at point (284, 303). Other element would receive the click: <span class="txt-line text-muted" style="border: 2px solid rgb(216, 229, 251);">...</span>
  (Session info: chrome=102.0.5005.63)
Build info: version: '4.1.4', revision: '535d840ee2'
System info: host: 'DESKTOP-08PQLRT', ip: '192.168.137.1', os.name: 'Windows 10', os.arch: 'amd64', os.version: '10.0', java.version: '1.8.0_202'
Driver info: org.openqa.selenium.chrome.ChromeDriver
Command: [34e964e7954f304639566d148c8ca3a2, clickElement {id=a39eb84d-1bc6-42bf-990a-fbce192bdfad}]
Capabilities {acceptInsecureCerts: false, browserName: chrome, browserVersion: 102.0.5005.63, chrome: {chromedriverVersion: 102.0.5005.61 (0e59bcc00cc4..., userDataDir: C:\Users\SUNILK~1\AppData\L...}, goog:chromeOptions: {debuggerAddress: localhost:64122}, javascriptEnabled: true, networkConnectionEnabled: false, pageLoadStrategy: normal, platform: WINDOWS, platformName: WINDOWS, proxy: Proxy(), se:cdp: ws://localhost:64122/devtoo..., se:cdpVersion: 102.0.5005.63, setWindowRect: true, strictFileInteractability: false, timeouts: {implicit: 0, pageLoad: 300000, script: 30000}, unhandledPromptBehavior: dismiss and notify, webauthn:extension:credBlob: true, webauthn:extension:largeBlob: true, webauthn:virtualAuthenticators: true}
Element: [[ChromeDriver: chrome on WINDOWS (34e964e7954f304639566d148c8ca3a2)] -> xpath: //a[@href='/addNewCategory']]
Session ID: 34e964e7954f304639566d148c8ca3a2
at org.openqa.selenium.remote.codec.w3c.W3CHttpResponseCodec.createException(W3CHttpResponseCodec.java:200)
at org.openqa.selenium.remote.codec.w3c.W3CHttpResponseCodec.decode(W3CHttpResponseCodec.java:133)
at org.openqa.selenium.remote.codec.w3c.W3CHttpResponseCodec.decode(W3CHttpResponseCodec.java:53)
at org.openqa.selenium.remote.HttpCommandExecutor.execute(HttpCommandExecutor.java:184)
at org.openqa.selenium.remote.service.DriverCommandExecutor.invokeExecute(DriverCommandExecutor.java:167)
at org.openqa.selenium.remote.service.DriverCommandExecutor.execute(DriverCommandExecutor.java:142)
at org.openqa.selenium.remote.RemoteWebDriver.execute(RemoteWebDriver.java:567)
at org.openqa.selenium.remote.RemoteWebElement.execute(RemoteWebElement.java:251)
at org.openqa.selenium.remote.RemoteWebElement.click(RemoteWebElement.java:77)
at com.statwig.workspace.pageobjects.InventoryPage.clickOnAddNewCategory(InventoryPage.java:246)
at com.statwig.workspace.testrunner.AddNewCategoryTestRunner.verifyAddCategory_Test_002(AddNewCategoryTestRunner.java:40)
at java.util.ArrayList.forEach(ArrayList.java:1257)
... Removed 35 stack frames]]>
    </failure>
  </testcase> <!-- verifyAddCategory_Test_002 -->
</testsuite> <!-- test_AddNewCategory -->
